<?xml version="1.0" encoding="UTF-8"?>
<!-- Generated by org.testng.reporters.JUnitXMLReporter -->
<testsuite hostname="DESKTOP-0M1MH5T" ignored="0" name="HybridFrameworkTest" tests="6" failures="0" timestamp="2021-06-26T07:34:53 IST" time="71.623" errors="0">
  <testcase name="performLoginTest" time="27.403" classname="com.qa.linkedin.testcase.SearchDataDrivenTest"/>
  <testcase name="searchTest" time="9.628" classname="com.qa.linkedin.testcase.SearchDataDrivenTest"/>
  <testcase name="searchTest" time="8.055" classname="com.qa.linkedin.testcase.SearchDataDrivenTest"/>
  <testcase name="searchTest" time="7.363" classname="com.qa.linkedin.testcase.SearchDataDrivenTest"/>
  <testcase name="searchTest" time="7.462" classname="com.qa.linkedin.testcase.SearchDataDrivenTest"/>
  <testcase name="searchTest" time="7.588" classname="com.qa.linkedin.testcase.SearchDataDrivenTest"/>
</testsuite> <!-- HybridFrameworkTest -->
