<?xml version="1.0" encoding="UTF-8"?>
<!-- Generated by org.testng.reporters.JUnitXMLReporter -->
<testsuite hostname="DESKTOP-0M1MH5T" ignored="0" name="HybridFrameworkTest" tests="6" failures="0" timestamp="2021-06-26T06:45:48 IST" time="66.127" errors="0">
  <testcase name="performLoginTest" time="20.15" classname="com.qa.linkedin.testcase.SearchDataDrivenTest"/>
  <testcase name="searchTest" time="10.071" classname="com.qa.linkedin.testcase.SearchDataDrivenTest"/>
  <testcase name="searchTest" time="8.565" classname="com.qa.linkedin.testcase.SearchDataDrivenTest"/>
  <testcase name="searchTest" time="8.652" classname="com.qa.linkedin.testcase.SearchDataDrivenTest"/>
  <testcase name="searchTest" time="7.947" classname="com.qa.linkedin.testcase.SearchDataDrivenTest"/>
  <testcase name="searchTest" time="7.493" classname="com.qa.linkedin.testcase.SearchDataDrivenTest"/>
</testsuite> <!-- HybridFrameworkTest -->
