<?xml version="1.0" encoding="UTF-8"?>
<!-- Generated by org.testng.reporters.JUnitXMLReporter -->
<testsuite hostname="DESKTOP-0M1MH5T" ignored="0" name="Default test" tests="6" failures="0" timestamp="2021-06-25T07:29:47 IST" time="62.658" errors="0">
  <testcase name="performLoginTest" time="18.507" classname="com.qa.linkedin.testcase.SearchDataDrivenTest"/>
  <testcase name="searchTest" time="9.096" classname="com.qa.linkedin.testcase.SearchDataDrivenTest"/>
  <testcase name="searchTest" time="7.564" classname="com.qa.linkedin.testcase.SearchDataDrivenTest"/>
  <testcase name="searchTest" time="7.311" classname="com.qa.linkedin.testcase.SearchDataDrivenTest"/>
  <testcase name="searchTest" time="7.471" classname="com.qa.linkedin.testcase.SearchDataDrivenTest"/>
  <testcase name="searchTest" time="7.11" classname="com.qa.linkedin.testcase.SearchDataDrivenTest"/>
</testsuite> <!-- Default test -->
