<?xml version="1.0" encoding="UTF-8"?>
<testng-results skipped="0" failed="0" ignored="0" total="6" passed="6">
  <reporter-output>
  </reporter-output>
  <suite name="HybridFrameworkSuite" duration-ms="66127" started-at="2021-06-26T06:44:41 IST" finished-at="2021-06-26T06:45:47 IST">
    <groups>
    </groups>
    <test name="HybridFrameworkTest" duration-ms="66127" started-at="2021-06-26T06:44:41 IST" finished-at="2021-06-26T06:45:47 IST">
      <class name="com.qa.linkedin.testcase.SearchDataDrivenTest">
        <test-method status="PASS" signature="setup()[pri:0, instance:com.qa.linkedin.testcase.SearchDataDrivenTest@6279cee3]" name="setup" is-config="true" duration-ms="13841" started-at="2021-06-26T06:44:28 IST" finished-at="2021-06-26T06:44:41 IST">
          <reporter-output>
          </reporter-output>
        </test-method> <!-- setup -->
        <test-method status="PASS" signature="beforeClass()[pri:0, instance:com.qa.linkedin.testcase.SearchDataDrivenTest@6279cee3]" name="beforeClass" is-config="true" duration-ms="262" started-at="2021-06-26T06:44:41 IST" finished-at="2021-06-26T06:44:42 IST">
          <reporter-output>
          </reporter-output>
        </test-method> <!-- beforeClass -->
        <test-method status="PASS" signature="performLoginTest()[pri:1, instance:com.qa.linkedin.testcase.SearchDataDrivenTest@6279cee3]" name="performLoginTest" duration-ms="20150" started-at="2021-06-26T06:44:42 IST" finished-at="2021-06-26T06:45:02 IST">
          <reporter-output>
          </reporter-output>
        </test-method> <!-- performLoginTest -->
        <test-method status="PASS" signature="searchTest(java.lang.String)[pri:0, instance:com.qa.linkedin.testcase.SearchDataDrivenTest@6279cee3]" name="searchTest" duration-ms="10071" started-at="2021-06-26T06:45:04 IST" data-provider="searchData" depends-on-methods="com.qa.linkedin.testcase.SearchDataDrivenTest.performLoginTest" finished-at="2021-06-26T06:45:14 IST">
          <params>
            <param index="0">
              <value>
                <![CDATA[Ramesh]]>
              </value>
            </param>
          </params>
          <reporter-output>
          </reporter-output>
        </test-method> <!-- searchTest -->
        <test-method status="PASS" signature="searchTest(java.lang.String)[pri:0, instance:com.qa.linkedin.testcase.SearchDataDrivenTest@6279cee3]" name="searchTest" duration-ms="8565" started-at="2021-06-26T06:45:14 IST" data-provider="searchData" depends-on-methods="com.qa.linkedin.testcase.SearchDataDrivenTest.performLoginTest" finished-at="2021-06-26T06:45:23 IST">
          <params>
            <param index="0">
              <value>
                <![CDATA[Swarupa]]>
              </value>
            </param>
          </params>
          <reporter-output>
          </reporter-output>
        </test-method> <!-- searchTest -->
        <test-method status="PASS" signature="searchTest(java.lang.String)[pri:0, instance:com.qa.linkedin.testcase.SearchDataDrivenTest@6279cee3]" name="searchTest" duration-ms="8652" started-at="2021-06-26T06:45:23 IST" data-provider="searchData" depends-on-methods="com.qa.linkedin.testcase.SearchDataDrivenTest.performLoginTest" finished-at="2021-06-26T06:45:31 IST">
          <params>
            <param index="0">
              <value>
                <![CDATA[Shanti]]>
              </value>
            </param>
          </params>
          <reporter-output>
          </reporter-output>
        </test-method> <!-- searchTest -->
        <test-method status="PASS" signature="searchTest(java.lang.String)[pri:0, instance:com.qa.linkedin.testcase.SearchDataDrivenTest@6279cee3]" name="searchTest" duration-ms="7947" started-at="2021-06-26T06:45:31 IST" data-provider="searchData" depends-on-methods="com.qa.linkedin.testcase.SearchDataDrivenTest.performLoginTest" finished-at="2021-06-26T06:45:39 IST">
          <params>
            <param index="0">
              <value>
                <![CDATA[Priyanka]]>
              </value>
            </param>
          </params>
          <reporter-output>
          </reporter-output>
        </test-method> <!-- searchTest -->
        <test-method status="PASS" signature="searchTest(java.lang.String)[pri:0, instance:com.qa.linkedin.testcase.SearchDataDrivenTest@6279cee3]" name="searchTest" duration-ms="7493" started-at="2021-06-26T06:45:39 IST" data-provider="searchData" depends-on-methods="com.qa.linkedin.testcase.SearchDataDrivenTest.performLoginTest" finished-at="2021-06-26T06:45:47 IST">
          <params>
            <param index="0">
              <value>
                <![CDATA[Laksmi Priya]]>
              </value>
            </param>
          </params>
          <reporter-output>
          </reporter-output>
        </test-method> <!-- searchTest -->
        <test-method status="PASS" signature="afterClass()[pri:0, instance:com.qa.linkedin.testcase.SearchDataDrivenTest@6279cee3]" name="afterClass" is-config="true" duration-ms="574" started-at="2021-06-26T06:45:47 IST" finished-at="2021-06-26T06:45:47 IST">
          <reporter-output>
          </reporter-output>
        </test-method> <!-- afterClass -->
        <test-method status="PASS" signature="tearDown()[pri:0, instance:com.qa.linkedin.testcase.SearchDataDrivenTest@6279cee3]" name="tearDown" is-config="true" duration-ms="1487" started-at="2021-06-26T06:45:50 IST" finished-at="2021-06-26T06:45:51 IST">
          <reporter-output>
          </reporter-output>
        </test-method> <!-- tearDown -->
      </class> <!-- com.qa.linkedin.testcase.SearchDataDrivenTest -->
    </test> <!-- HybridFrameworkTest -->
  </suite> <!-- HybridFrameworkSuite -->
</testng-results>
